{"numTotalTestSuites":36,"numPassedTestSuites":36,"numFailedTestSuites":0,"numPendingTestSuites":0,"numTotalTests":78,"numPassedTests":78,"numFailedTests":0,"numPendingTests":0,"numTodoTests":0,"snapshot":{"added":0,"failure":false,"filesAdded":0,"filesRemoved":0,"filesRemovedList":[],"filesUnmatched":0,"filesUpdated":0,"matched":0,"total":0,"unchecked":0,"uncheckedKeysByFile":[],"unmatched":0,"updated":0,"didUpdate":false},"startTime":1784312094068,"success":true,"testResults":[{"assertionResults":[{"ancestorTitles":["decision workflow"],"fullName":"decision workflow compiles provider candidates, challenges them, and selects the safe plan","status":"passed","title":"compiles provider candidates, challenges them, and selects the safe plan","duration":2.8833999999997104,"failureMessages":[],"meta":{},"tags":[]},{"ancestorTitles":["decision workflow"],"fullName":"decision workflow returns a typed not-found error","status":"passed","title":"returns a typed not-found error","duration":1.1312000000007174,"failureMessages":[],"meta":{},"tags":[]},{"ancestorTitles":["decision workflow"],"fullName":"decision workflow does not blur a provider outage into an unsafe fallback","status":"passed","title":"does not blur a provider outage into an unsafe fallback","duration":0.5496000000002823,"failureMessages":[],"meta":{},"tags":[]},{"ancestorTitles":["decision workflow"],"fullName":"decision workflow rejects a generation response when every candidate is unsafe","status":"passed","title":"rejects a generation response when every candidate is unsafe","duration":0.7844000000004598,"failureMessages":[],"meta":{},"tags":[]},{"ancestorTitles":["decision workflow"],"fullName":"decision workflow persists the approval receipt before returning a relay-ready decision","status":"passed","title":"persists the approval receipt before returning a relay-ready decision","duration":1.8518999999996595,"failureMessages":[],"meta":{},"tags":[]},{"ancestorTitles":["decision workflow"],"fullName":"decision workflow keeps acknowledgement failures out of the audit log","status":"passed","title":"keeps acknowledgement failures out of the audit log","duration":0.7917999999999665,"failureMessages":[],"meta":{},"tags":[]},{"ancestorTitles":["decision workflow"],"fullName":"decision workflow does not report approval when audit persistence fails","status":"passed","title":"does not report approval when audit persistence fails","duration":0.5811000000003332,"failureMessages":[],"meta":{},"tags":[]}],"startTime":1784312107078,"endTime":1784312107086.581,"status":"passed","message":"","name":"C:/Users/Shivam Maurya/Desktop/Hack2skill/challenge 4/resolve-90/tests/integration/decisionWorkflow.test.ts"},{"assertionResults":[{"ancestorTitles":["visible evidence routes"],"fullName":"visible evidence routes renders /quality with a single explicit page identity","status":"passed","title":"renders /quality with a single explicit page identity","duration":392.7360000000008,"failureMessages":[],"meta":{},"tags":[]},{"ancestorTitles":["visible evidence routes"],"fullName":"visible evidence routes renders /architecture with a single explicit page identity","status":"passed","title":"renders /architecture with a single explicit page identity","duration":324.1926999999996,"failureMessages":[],"meta":{},"tags":[]},{"ancestorTitles":["visible evidence routes"],"fullName":"visible evidence routes renders /security with a single explicit page identity","status":"passed","title":"renders /security with a single explicit page identity","duration":321.4951000000001,"failureMessages":[],"meta":{},"tags":[]},{"ancestorTitles":["visible evidence routes"],"fullName":"visible evidence routes renders /testing with a single explicit page identity","status":"passed","title":"renders /testing with a single explicit page identity","duration":346.9863999999998,"failureMessages":[],"meta":{},"tags":[]},{"ancestorTitles":["visible evidence routes"],"fullName":"visible evidence routes renders /accessibility with a single explicit page identity","status":"passed","title":"renders /accessibility with a single explicit page identity","duration":325.6321000000007,"failureMessages":[],"meta":{},"tags":[]},{"ancestorTitles":["visible evidence routes"],"fullName":"visible evidence routes renders /challenge-alignment with a single explicit page identity","status":"passed","title":"renders /challenge-alignment with a single explicit page identity","duration":325.8722999999991,"failureMessages":[],"meta":{},"tags":[]},{"ancestorTitles":["visible evidence routes"],"fullName":"visible evidence routes navigates without a reload and updates current-page state","status":"passed","title":"navigates without a reload and updates current-page state","duration":132.7516999999989,"failureMessages":[],"meta":{},"tags":[]},{"ancestorTitles":["visible evidence routes"],"fullName":"visible evidence routes provides a safe recovery route for an unknown path","status":"passed","title":"provides a safe recovery route for an unknown path","duration":34.05130000000099,"failureMessages":[],"meta":{},"tags":[]}],"startTime":1784312107577,"endTime":1784312109781.0513,"status":"passed","message":"","name":"C:/Users/Shivam Maurya/Desktop/Hack2skill/challenge 4/resolve-90/tests/integration/evidenceRoutes.test.tsx"},{"assertionResults":[{"ancestorTitles":["visible decision workflow"],"fullName":"visible decision workflow explains the product purpose before any interaction","status":"passed","title":"explains the product purpose before any interaction","duration":204.97359999999935,"failureMessages":[],"meta":{},"tags":[]},{"ancestorTitles":["visible decision workflow"],"fullName":"visible decision workflow surfaces reasoning, confidence, constraints, validation, and rejected alternatives","status":"passed","title":"surfaces reasoning, confidence, constraints, validation, and rejected alternatives","duration":125.46039999999994,"failureMessages":[],"meta":{},"tags":[]},{"ancestorTitles":["visible decision workflow"],"fullName":"visible decision workflow keeps relay locked until both acknowledgements and writes an audit receipt","status":"passed","title":"keeps relay locked until both acknowledgements and writes an audit receipt","duration":303.9220999999998,"failureMessages":[],"meta":{},"tags":[]}],"startTime":1784312107578,"endTime":1784312108211.922,"status":"passed","message":"","name":"C:/Users/Shivam Maurya/Desktop/Hack2skill/challenge 4/resolve-90/tests/integration/HomeWorkflow.test.tsx"},{"assertionResults":[{"ancestorTitles":["application accessibility"],"fullName":"application accessibility has no detectable violations in the initial decision workspace","status":"passed","title":"has no detectable violations in the initial decision workspace","duration":354.45730000000003,"failureMessages":[],"meta":{},"tags":[]},{"ancestorTitles":["application accessibility"],"fullName":"application accessibility has no detectable violations in the generated approval state","status":"passed","title":"has no detectable violations in the generated approval state","duration":508.20520000000033,"failureMessages":[],"meta":{},"tags":[]},{"ancestorTitles":["application accessibility"],"fullName":"application accessibility supports arrow, Home, and End keys in multilingual tabs","status":"passed","title":"supports arrow, Home, and End keys in multilingual tabs","duration":363.66479999999865,"failureMessages":[],"meta":{},"tags":[]}],"startTime":1784312107564,"endTime":1784312108790.6648,"status":"passed","message":"","name":"C:/Users/Shivam Maurya/Desktop/Hack2skill/challenge 4/resolve-90/tests/accessibility/AppAccessibility.test.tsx"},{"assertionResults":[{"ancestorTitles":["design-token contrast"],"fullName":"design-token contrast keeps ink on night at WCAG AA normal-text contrast","status":"passed","title":"keeps ink on night at WCAG AA normal-text contrast","duration":1.2980999999999767,"failureMessages":[],"meta":{},"tags":[]},{"ancestorTitles":["design-token contrast"],"fullName":"design-token contrast keeps muted on night at WCAG AA normal-text contrast","status":"passed","title":"keeps muted on night at WCAG AA normal-text contrast","duration":0.22689999999988686,"failureMessages":[],"meta":{},"tags":[]},{"ancestorTitles":["design-token contrast"],"fullName":"design-token contrast keeps accent on night at WCAG AA normal-text contrast","status":"passed","title":"keeps accent on night at WCAG AA normal-text contrast","duration":0.17899999999985994,"failureMessages":[],"meta":{},"tags":[]},{"ancestorTitles":["design-token contrast"],"fullName":"design-token contrast keeps paper-ink on paper at WCAG AA normal-text contrast","status":"passed","title":"keeps paper-ink on paper at WCAG AA normal-text contrast","duration":0.16629999999986467,"failureMessages":[],"meta":{},"tags":[]},{"ancestorTitles":["design-token contrast"],"fullName":"design-token contrast keeps paper-muted on paper at WCAG AA normal-text contrast","status":"passed","title":"keeps paper-muted on paper at WCAG AA normal-text contrast","duration":0.134900000000016,"failureMessages":[],"meta":{},"tags":[]},{"ancestorTitles":["design-token contrast"],"fullName":"design-token contrast keeps mint on surface at WCAG AA normal-text contrast","status":"passed","title":"keeps mint on surface at WCAG AA normal-text contrast","duration":0.169399999999996,"failureMessages":[],"meta":{},"tags":[]},{"ancestorTitles":["design-token contrast"],"fullName":"design-token contrast keeps muted on surface at WCAG AA normal-text contrast","status":"passed","title":"keeps muted on surface at WCAG AA normal-text contrast","duration":0.0827999999999065,"failureMessages":[],"meta":{},"tags":[]},{"ancestorTitles":["design-token contrast"],"fullName":"design-token contrast keeps primary button text above AA contrast","status":"passed","title":"keeps primary button text above AA contrast","duration":0.1066000000000713,"failureMessages":[],"meta":{},"tags":[]}],"startTime":1784312108218,"endTime":1784312108220.1694,"status":"passed","message":"","name":"C:/Users/Shivam Maurya/Desktop/Hack2skill/challenge 4/resolve-90/tests/accessibility/contrastTokens.test.ts"},{"assertionResults":[{"ancestorTitles":["application service composition"],"fullName":"application service composition loads the live gateway only when live mode is selected","status":"passed","title":"loads the live gateway only when live mode is selected","duration":128.02510000000075,"failureMessages":[],"meta":{},"tags":[]}],"startTime":1784312107084,"endTime":1784312107212.0251,"status":"passed","message":"","name":"C:/Users/Shivam Maurya/Desktop/Hack2skill/challenge 4/resolve-90/tests/unit/applicationServices.test.ts"},{"assertionResults":[{"ancestorTitles":["approveDecision"],"fullName":"approveDecision blocks approval until both safety acknowledgements are explicit","status":"passed","title":"blocks approval until both safety acknowledgements are explicit","duration":3.7076999999999316,"failureMessages":[],"meta":{},"tags":[]},{"ancestorTitles":["approveDecision"],"fullName":"approveDecision creates an immutable approval receipt for a reviewed decision","status":"passed","title":"creates an immutable approval receipt for a reviewed decision","duration":1.4385999999999513,"failureMessages":[],"meta":{},"tags":[]}],"startTime":1784312105569,"endTime":1784312105574.4387,"status":"passed","message":"","name":"C:/Users/Shivam Maurya/Desktop/Hack2skill/challenge 4/resolve-90/tests/unit/approveDecision.test.ts"},{"assertionResults":[{"ancestorTitles":["ErrorBoundary"],"fullName":"ErrorBoundary fails closed with a recovery explanation","status":"passed","title":"fails closed with a recovery explanation","duration":152.23180000000048,"failureMessages":[],"meta":{},"tags":[]}],"startTime":1784312106271,"endTime":1784312106423.2317,"status":"passed","message":"","name":"C:/Users/Shivam Maurya/Desktop/Hack2skill/challenge 4/resolve-90/tests/unit/ErrorBoundary.test.tsx"},{"assertionResults":[{"ancestorTitles":["evaluateCandidate"],"fullName":"evaluateCandidate accepts a complete, grounded plan inside hard constraints","status":"passed","title":"accepts a complete, grounded plan inside hard constraints","duration":3.4673000000002503,"failureMessages":[],"meta":{},"tags":[]},{"ancestorTitles":["evaluateCandidate"],"fullName":"evaluateCandidate rejects pressure above the operating envelope","status":"passed","title":"rejects pressure above the operating envelope","duration":1.455699999999979,"failureMessages":[],"meta":{},"tags":[]},{"ancestorTitles":["evaluateCandidate"],"fullName":"evaluateCandidate uses accessibility as a veto instead of a weighted preference","status":"passed","title":"uses accessibility as a veto instead of a weighted preference","duration":1.0133999999998196,"failureMessages":[],"meta":{},"tags":[]},{"ancestorTitles":["evaluateCandidate"],"fullName":"evaluateCandidate warns between the accessibility floor and target","status":"passed","title":"warns between the accessibility floor and target","duration":0.5743000000002212,"failureMessages":[],"meta":{},"tags":[]},{"ancestorTitles":["evaluateCandidate"],"fullName":"evaluateCandidate prohibits high confidence when transport evidence is stale","status":"passed","title":"prohibits high confidence when transport evidence is stale","duration":0.5359000000003107,"failureMessages":[],"meta":{},"tags":[]},{"ancestorTitles":["evaluateCandidate"],"fullName":"evaluateCandidate warns rather than fabricating freshness for a medium-confidence plan","status":"passed","title":"warns rather than fabricating freshness for a medium-confidence plan","duration":0.4728999999997541,"failureMessages":[],"meta":{},"tags":[]},{"ancestorTitles":["evaluateCandidate"],"fullName":"evaluateCandidate rejects unsupported model-supplied evidence identifiers","status":"passed","title":"rejects unsupported model-supplied evidence identifiers","duration":0.394800000000032,"failureMessages":[],"meta":{},"tags":[]},{"ancestorTitles":["evaluateCandidate"],"fullName":"evaluateCandidate removes latency score when a plan misses the decision target","status":"passed","title":"removes latency score when a plan misses the decision target","duration":0.35599999999976717,"failureMessages":[],"meta":{},"tags":[]},{"ancestorTitles":["evaluateCandidate"],"fullName":"evaluateCandidate rejects incomplete language coverage","status":"passed","title":"rejects incomplete language coverage","duration":0.43260000000009313,"failureMessages":[],"meta":{},"tags":[]}],"startTime":1784312107121,"endTime":1784312107130.4326,"status":"passed","message":"","name":"C:/Users/Shivam Maurya/Desktop/Hack2skill/challenge 4/resolve-90/tests/unit/evaluateCandidate.test.ts"},{"assertionResults":[{"ancestorTitles":["evaluation-visible production surface"],"fullName":"evaluation-visible production surface publishes robots and a sitemap containing every evidence route","status":"passed","title":"publishes robots and a sitemap containing every evidence route","duration":3.046599999999671,"failureMessages":[],"meta":{},"tags":[]},{"ancestorTitles":["evaluation-visible production surface"],"fullName":"evaluation-visible production surface uses the exact stadium challenge vocabulary in metadata","status":"passed","title":"uses the exact stadium challenge vocabulary in metadata","duration":0.9476999999997133,"failureMessages":[],"meta":{},"tags":[]},{"ancestorTitles":["evaluation-visible production surface"],"fullName":"evaluation-visible production surface configures every required production security header","status":"passed","title":"configures every required production security header","duration":0.8971000000001368,"failureMessages":[],"meta":{},"tags":[]},{"ancestorTitles":["evaluation-visible production surface"],"fullName":"evaluation-visible production surface uses exact architecture-layer and SOLID vocabulary","status":"passed","title":"uses exact architecture-layer and SOLID vocabulary","duration":0.7767000000003463,"failureMessages":[],"meta":{},"tags":[]},{"ancestorTitles":["evaluation-visible production surface"],"fullName":"evaluation-visible production surface pre-renders evaluator evidence into raw HTML documents","status":"passed","title":"pre-renders evaluator evidence into raw HTML documents","duration":2.1975000000002183,"failureMessages":[],"meta":{},"tags":[]},{"ancestorTitles":["evaluation-visible production surface"],"fullName":"evaluation-visible production surface disables public production source maps","status":"passed","title":"disables public production source maps","duration":0.4889000000002852,"failureMessages":[],"meta":{},"tags":[]},{"ancestorTitles":["evaluation-visible production surface"],"fullName":"evaluation-visible production surface keeps evaluator evidence linked directly from the hero","status":"passed","title":"keeps evaluator evidence linked directly from the hero","duration":0.6746999999995751,"failureMessages":[],"meta":{},"tags":[]},{"ancestorTitles":["evaluation-visible production surface"],"fullName":"evaluation-visible production surface contains no console logging, explicit any, or unresolved markers in source","status":"passed","title":"contains no console logging, explicit any, or unresolved markers in source","duration":16.900800000000345,"failureMessages":[],"meta":{},"tags":[]}],"startTime":1784312106276,"endTime":1784312106301.901,"status":"passed","message":"","name":"C:/Users/Shivam Maurya/Desktop/Hack2skill/challenge 4/resolve-90/tests/unit/evaluationSurface.test.ts"},{"assertionResults":[{"ancestorTitles":["GatewayDecisionProvider"],"fullName":"GatewayDecisionProvider accepts a schema-valid gateway packet","status":"passed","title":"accepts a schema-valid gateway packet","duration":16.90899999999965,"failureMessages":[],"meta":{},"tags":[]},{"ancestorTitles":["GatewayDecisionProvider"],"fullName":"GatewayDecisionProvider rejects a non-success gateway response","status":"passed","title":"rejects a non-success gateway response","duration":2.6616000000003623,"failureMessages":[],"meta":{},"tags":[]},{"ancestorTitles":["GatewayDecisionProvider"],"fullName":"GatewayDecisionProvider rejects provider output that misses the strict schema","status":"passed","title":"rejects provider output that misses the strict schema","duration":2.9578999999994267,"failureMessages":[],"meta":{},"tags":[]},{"ancestorTitles":["GatewayDecisionProvider"],"fullName":"GatewayDecisionProvider returns a typed unavailable state for a network failure","status":"passed","title":"returns a typed unavailable state for a network failure","duration":0.8095999999995911,"failureMessages":[],"meta":{},"tags":[]},{"ancestorTitles":["GatewayDecisionProvider"],"fullName":"GatewayDecisionProvider distinguishes a timeout from a generic network failure","status":"passed","title":"distinguishes a timeout from a generic network failure","duration":3.2312000000001717,"failureMessages":[],"meta":{},"tags":[]}],"startTime":1784312106987,"endTime":1784312107014.2312,"status":"passed","message":"","name":"C:/Users/Shivam Maurya/Desktop/Hack2skill/challenge 4/resolve-90/tests/unit/GatewayDecisionProvider.test.ts"},{"assertionResults":[{"ancestorTitles":["presentation failure and terminal branches"],"fullName":"presentation failure and terminal branches labels compiling, compiled, approved, and error states explicitly","status":"passed","title":"labels compiling, compiled, approved, and error states explicitly","duration":259.1334999999999,"failureMessages":[],"meta":{},"tags":[]},{"ancestorTitles":["presentation failure and terminal branches"],"fullName":"presentation failure and terminal branches retries the stable replay through the explicit error control","status":"passed","title":"retries the stable replay through the explicit error control","duration":51.01130000000012,"failureMessages":[],"meta":{},"tags":[]},{"ancestorTitles":["presentation failure and terminal branches"],"fullName":"presentation failure and terminal branches renders a fully pending operational flow after a typed failure","status":"passed","title":"renders a fully pending operational flow after a typed failure","duration":7.43789999999899,"failureMessages":[],"meta":{},"tags":[]},{"ancestorTitles":["presentation failure and terminal branches"],"fullName":"presentation failure and terminal branches keeps the approval panel in place when application approval fails","status":"passed","title":"keeps the approval panel in place when application approval fails","duration":145.76870000000054,"failureMessages":[],"meta":{},"tags":[]},{"ancestorTitles":["presentation failure and terminal branches"],"fullName":"presentation failure and terminal branches renders no relay when a validated locale cannot be found","status":"passed","title":"renders no relay when a validated locale cannot be found","duration":1.3760000000002037,"failureMessages":[],"meta":{},"tags":[]},{"ancestorTitles":["navigation guard branches"],"fullName":"navigation guard branches does not push duplicate history for the current path","status":"passed","title":"does not push duplicate history for the current path","duration":1.6865000000016153,"failureMessages":[],"meta":{},"tags":[]},{"ancestorTitles":["navigation guard branches"],"fullName":"navigation guard branches preserves modified and explicitly prevented link behavior","status":"passed","title":"preserves modified and explicitly prevented link behavior","duration":9.577800000000934,"failureMessages":[],"meta":{},"tags":[]}],"startTime":1784312107244,"endTime":1784312107720.578,"status":"passed","message":"","name":"C:/Users/Shivam Maurya/Desktop/Hack2skill/challenge 4/resolve-90/tests/unit/presentationBranches.test.tsx"},{"assertionResults":[{"ancestorTitles":["provider boundary"],"fullName":"provider boundary keeps replay fixtures inside the same runtime schemas as live mode","status":"passed","title":"keeps replay fixtures inside the same runtime schemas as live mode","duration":12.17699999999968,"failureMessages":[],"meta":{},"tags":[]},{"ancestorTitles":["provider boundary"],"fullName":"provider boundary separates untrusted operational data from the control policy","status":"passed","title":"separates untrusted operational data from the control policy","duration":0.7951999999995678,"failureMessages":[],"meta":{},"tags":[]},{"ancestorTitles":["provider boundary"],"fullName":"provider boundary rejects oversized and unknown candidate fields","status":"passed","title":"rejects oversized and unknown candidate fields","duration":1.3532999999997628,"failureMessages":[],"meta":{},"tags":[]}],"startTime":1784312106992,"endTime":1784312107006.3533,"status":"passed","message":"","name":"C:/Users/Shivam Maurya/Desktop/Hack2skill/challenge 4/resolve-90/tests/unit/providerBoundary.test.ts"},{"assertionResults":[{"ancestorTitles":["selectDecision"],"fullName":"selectDecision selects an eligible plan ahead of a higher-throughput rejected plan","status":"passed","title":"selects an eligible plan ahead of a higher-throughput rejected plan","duration":3.57120000000009,"failureMessages":[],"meta":{},"tags":[]},{"ancestorTitles":["selectDecision"],"fullName":"selectDecision returns a typed error when no candidate passes hard constraints","status":"passed","title":"returns a typed error when no candidate passes hard constraints","duration":1.7293999999999414,"failureMessages":[],"meta":{},"tags":[]}],"startTime":1784312107416,"endTime":1784312107421.7295,"status":"passed","message":"","name":"C:/Users/Shivam Maurya/Desktop/Hack2skill/challenge 4/resolve-90/tests/unit/selectDecision.test.ts"},{"assertionResults":[{"ancestorTitles":["server compile handler"],"fullName":"server compile handler rejects method, origin, oversized, and malformed requests","status":"passed","title":"rejects method, origin, oversized, and malformed requests","duration":5.807700000000295,"failureMessages":[],"meta":{},"tags":[]},{"ancestorTitles":["server compile handler"],"fullName":"server compile handler rate limits repeated requests and fails safely without a key","status":"passed","title":"rate limits repeated requests and fails safely without a key","duration":5.995100000000093,"failureMessages":[],"meta":{},"tags":[]},{"ancestorTitles":["server compile handler"],"fullName":"server compile handler returns a validated live packet and rejects invalid provider output","status":"passed","title":"returns a validated live packet and rejects invalid provider output","duration":11.234300000000076,"failureMessages":[],"meta":{},"tags":[]},{"ancestorTitles":["server provider and boundaries"],"fullName":"server provider and boundaries accepts a valid structured Gemini candidate envelope","status":"passed","title":"accepts a valid structured Gemini candidate envelope","duration":3.576600000000326,"failureMessages":[],"meta":{},"tags":[]},{"ancestorTitles":["server provider and boundaries"],"fullName":"server provider and boundaries classifies unavailable and invalid provider responses","status":"passed","title":"classifies unavailable and invalid provider responses","duration":3.9858000000003813,"failureMessages":[],"meta":{},"tags":[]},{"ancestorTitles":["server provider and boundaries"],"fullName":"server provider and boundaries handles transport exceptions and circular request bodies","status":"passed","title":"handles transport exceptions and circular request bodies","duration":1.29070000000047,"failureMessages":[],"meta":{},"tags":[]},{"ancestorTitles":["server provider and boundaries"],"fullName":"server provider and boundaries resets limiter buckets after the configured window","status":"passed","title":"resets limiter buckets after the configured window","duration":0.7348000000001775,"failureMessages":[],"meta":{},"tags":[]}],"startTime":1784312107170,"endTime":1784312107202.7349,"status":"passed","message":"","name":"C:/Users/Shivam Maurya/Desktop/Hack2skill/challenge 4/resolve-90/tests/unit/serverCompile.test.ts"},{"assertionResults":[{"ancestorTitles":["UI primitive branches"],"fullName":"UI primitive branches renders trailing, summary, and minimal section headers","status":"passed","title":"renders trailing, summary, and minimal section headers","duration":189.1978999999992,"failureMessages":[],"meta":{},"tags":[]},{"ancestorTitles":["UI primitive branches"],"fullName":"UI primitive branches returns no fan relay when no locale message is available","status":"passed","title":"returns no fan relay when no locale message is available","duration":2.8289000000004307,"failureMessages":[],"meta":{},"tags":[]}],"startTime":1784312107114,"endTime":1784312107305.8289,"status":"passed","message":"","name":"C:/Users/Shivam Maurya/Desktop/Hack2skill/challenge 4/resolve-90/tests/unit/uiPrimitives.test.tsx"},{"assertionResults":[{"ancestorTitles":["useDecisionWorkflow"],"fullName":"useDecisionWorkflow ignores premature approval and supports an explicit reset","status":"passed","title":"ignores premature approval and supports an explicit reset","duration":274.2068999999992,"failureMessages":[],"meta":{},"tags":[]},{"ancestorTitles":["useDecisionWorkflow"],"fullName":"useDecisionWorkflow surfaces a typed error when the live provider is unavailable","status":"passed","title":"surfaces a typed error when the live provider is unavailable","duration":137.3683000000001,"failureMessages":[],"meta":{},"tags":[]}],"startTime":1784312107075,"endTime":1784312107486.3684,"status":"passed","message":"","name":"C:/Users/Shivam Maurya/Desktop/Hack2skill/challenge 4/resolve-90/tests/unit/useDecisionWorkflow.test.tsx"}]}